{
 "cells": [
  {
   "cell_type": "markdown",
   "metadata": {},
   "source": [
    "JOIN vs. IN\n",
    "---------------\n",
    "_Notebook prepared by: Jessa Rili-Migri√±o ([LinkedIn](https://www.linkedin.com/in/jessa-rili-migrino))_\n",
    "\n",
    "The objective for this notebook is to discern the performance difference/s between `JOIN` and `IN`."
   ]
  },
  {
   "cell_type": "markdown",
   "metadata": {},
   "source": [
    "# The Problem\n",
    "Taken from [570. Managers with at Least 5 Direct Reports](https://leetcode.com/problems/managers-with-at-least-5-direct-reports/description/):\n",
    "\n",
    "Given a table:\n",
    "\n",
    "    Table: Employee\n",
    "\n",
    "    +-------------+---------+\n",
    "    | Column Name | Type    |\n",
    "    +-------------+---------+\n",
    "    | id          | int     |\n",
    "    | name        | varchar |\n",
    "    | department  | varchar |\n",
    "    | managerId   | int     |\n",
    "    +-------------+---------+\n",
    "id is the primary key (column with unique values) for this table.\n",
    "Each row of this table indicates the name of an employee, their department, and the id of their manager.\n",
    "If managerId is null, then the employee does not have a manager.\n",
    "No employee will be the manager of themself.\n",
    " \n",
    "* Write a solution to find managers with at least five direct reports.\n",
    "* Return the result table in any order.\n",
    "\n",
    "The result format is in the following example.\n",
    "\n",
    "Example 1:\n",
    "\n",
    "Input: \n",
    "\n",
    "    Employee table:\n",
    "    +-----+-------+------------+-----------+\n",
    "    | id  | name  | department | managerId |\n",
    "    +-----+-------+------------+-----------+\n",
    "    | 101 | John  | A          | null      |\n",
    "    | 102 | Dan   | A          | 101       |\n",
    "    | 103 | James | A          | 101       |\n",
    "    | 104 | Amy   | A          | 101       |\n",
    "    | 105 | Anne  | A          | 101       |\n",
    "    | 106 | Ron   | B          | 101       |\n",
    "    +-----+-------+------------+-----------+\n",
    "    \n",
    "Output: \n",
    "\n",
    "    +------+\n",
    "    | name |\n",
    "    +------+\n",
    "    | John |\n",
    "    +------+"
   ]
  },
  {
   "cell_type": "code",
   "execution_count": 17,
   "metadata": {},
   "outputs": [
    {
     "name": "stdout",
     "output_type": "stream",
     "text": [
      "The sql extension is already loaded. To reload it, use:\n",
      "  %reload_ext sql\n"
     ]
    }
   ],
   "source": [
    "%load_ext sql\n",
    "%config SqlMagic.style = '_DEPRECATED_DEFAULT'"
   ]
  },
  {
   "cell_type": "code",
   "execution_count": 18,
   "metadata": {},
   "outputs": [],
   "source": [
    "# Define DB name, table name, and credentials to be used for connecting to DB\n",
    "DB_NAME='localprojects'\n",
    "DB_PROJ_USER='postgres_proj_user'\n",
    "DB_PROJ_PASS='postgres_proj_pass'\n",
    "DB_HOST='localhost'"
   ]
  },
  {
   "cell_type": "code",
   "execution_count": 19,
   "metadata": {},
   "outputs": [
    {
     "data": {
      "text/plain": [
       "'postgresql://postgres_proj_user:postgres_proj_pass@localhost/localprojects'"
      ]
     },
     "execution_count": 19,
     "metadata": {},
     "output_type": "execute_result"
    }
   ],
   "source": [
    "# Construct DB URL\n",
    "DB_URL = f'postgresql://{DB_PROJ_USER}:{DB_PROJ_PASS}@{DB_HOST}/{DB_NAME}'\n",
    "DB_URL"
   ]
  },
  {
   "cell_type": "code",
   "execution_count": 20,
   "metadata": {},
   "outputs": [],
   "source": [
    "%sql $DB_URL"
   ]
  },
  {
   "cell_type": "code",
   "execution_count": 21,
   "metadata": {},
   "outputs": [
    {
     "name": "stdout",
     "output_type": "stream",
     "text": [
      " * postgresql://postgres_proj_user:***@localhost/localprojects\n",
      "5 rows affected.\n"
     ]
    },
    {
     "data": {
      "text/html": [
       "<table>\n",
       "    <thead>\n",
       "        <tr>\n",
       "            <th>id</th>\n",
       "            <th>name</th>\n",
       "            <th>department</th>\n",
       "            <th>manager_id</th>\n",
       "        </tr>\n",
       "    </thead>\n",
       "    <tbody>\n",
       "        <tr>\n",
       "            <td>100</td>\n",
       "            <td>Danielle</td>\n",
       "            <td>A</td>\n",
       "            <td>None</td>\n",
       "        </tr>\n",
       "        <tr>\n",
       "            <td>101</td>\n",
       "            <td>Angel</td>\n",
       "            <td>A</td>\n",
       "            <td>None</td>\n",
       "        </tr>\n",
       "        <tr>\n",
       "            <td>102</td>\n",
       "            <td>Joshua</td>\n",
       "            <td>C</td>\n",
       "            <td>None</td>\n",
       "        </tr>\n",
       "        <tr>\n",
       "            <td>103</td>\n",
       "            <td>Jeffrey</td>\n",
       "            <td>B</td>\n",
       "            <td>None</td>\n",
       "        </tr>\n",
       "        <tr>\n",
       "            <td>104</td>\n",
       "            <td>Jill</td>\n",
       "            <td>B</td>\n",
       "            <td>None</td>\n",
       "        </tr>\n",
       "    </tbody>\n",
       "</table>"
      ],
      "text/plain": [
       "[(100, 'Danielle', 'A', None),\n",
       " (101, 'Angel', 'A', None),\n",
       " (102, 'Joshua', 'C', None),\n",
       " (103, 'Jeffrey', 'B', None),\n",
       " (104, 'Jill', 'B', None)]"
      ]
     },
     "execution_count": 21,
     "metadata": {},
     "output_type": "execute_result"
    }
   ],
   "source": [
    "%%sql\n",
    "SELECT *\n",
    "FROM employees\n",
    "LIMIT 5;"
   ]
  },
  {
   "cell_type": "markdown",
   "metadata": {},
   "source": [
    "# Solution 1"
   ]
  },
  {
   "cell_type": "code",
   "execution_count": 22,
   "metadata": {},
   "outputs": [
    {
     "name": "stdout",
     "output_type": "stream",
     "text": [
      " * postgresql://postgres_proj_user:***@localhost/localprojects\n",
      "10 rows affected.\n"
     ]
    },
    {
     "data": {
      "text/html": [
       "<table>\n",
       "    <thead>\n",
       "        <tr>\n",
       "            <th>name</th>\n",
       "        </tr>\n",
       "    </thead>\n",
       "    <tbody>\n",
       "        <tr>\n",
       "            <td>Danielle</td>\n",
       "        </tr>\n",
       "        <tr>\n",
       "            <td>Angel</td>\n",
       "        </tr>\n",
       "        <tr>\n",
       "            <td>Joshua</td>\n",
       "        </tr>\n",
       "        <tr>\n",
       "            <td>Jeffrey</td>\n",
       "        </tr>\n",
       "        <tr>\n",
       "            <td>Jill</td>\n",
       "        </tr>\n",
       "        <tr>\n",
       "            <td>Erica</td>\n",
       "        </tr>\n",
       "        <tr>\n",
       "            <td>Patricia</td>\n",
       "        </tr>\n",
       "        <tr>\n",
       "            <td>Christopher</td>\n",
       "        </tr>\n",
       "        <tr>\n",
       "            <td>Robert</td>\n",
       "        </tr>\n",
       "        <tr>\n",
       "            <td>Anthony</td>\n",
       "        </tr>\n",
       "    </tbody>\n",
       "</table>"
      ],
      "text/plain": [
       "[('Danielle',),\n",
       " ('Angel',),\n",
       " ('Joshua',),\n",
       " ('Jeffrey',),\n",
       " ('Jill',),\n",
       " ('Erica',),\n",
       " ('Patricia',),\n",
       " ('Christopher',),\n",
       " ('Robert',),\n",
       " ('Anthony',)]"
      ]
     },
     "execution_count": 22,
     "metadata": {},
     "output_type": "execute_result"
    }
   ],
   "source": [
    "%%sql\n",
    "--------------- SOLUTION 1\n",
    "-- Get all manager IDs with more than 5 direct reports\n",
    "WITH five_ormore_direct_reports_mgrs AS\n",
    "(\n",
    "    SELECT manager_id AS id\n",
    "    FROM employees\n",
    "    GROUP BY manager_id\n",
    "    HAVING COUNT(id) >= 5\n",
    ")\n",
    "\n",
    "-- Get the names of the managers with more than 5 direct reports\n",
    "SELECT e.name\n",
    "FROM five_ormore_direct_reports_mgrs m\n",
    "LEFT JOIN employees e\n",
    "ON m.id = e.id\n",
    "WHERE e.id IS NOT NULL\n"
   ]
  },
  {
   "cell_type": "markdown",
   "metadata": {},
   "source": [
    "# Solution 2"
   ]
  },
  {
   "cell_type": "code",
   "execution_count": 23,
   "metadata": {},
   "outputs": [
    {
     "name": "stdout",
     "output_type": "stream",
     "text": [
      " * postgresql://postgres_proj_user:***@localhost/localprojects\n",
      "10 rows affected.\n"
     ]
    },
    {
     "data": {
      "text/html": [
       "<table>\n",
       "    <thead>\n",
       "        <tr>\n",
       "            <th>name</th>\n",
       "        </tr>\n",
       "    </thead>\n",
       "    <tbody>\n",
       "        <tr>\n",
       "            <td>Danielle</td>\n",
       "        </tr>\n",
       "        <tr>\n",
       "            <td>Angel</td>\n",
       "        </tr>\n",
       "        <tr>\n",
       "            <td>Joshua</td>\n",
       "        </tr>\n",
       "        <tr>\n",
       "            <td>Jeffrey</td>\n",
       "        </tr>\n",
       "        <tr>\n",
       "            <td>Jill</td>\n",
       "        </tr>\n",
       "        <tr>\n",
       "            <td>Erica</td>\n",
       "        </tr>\n",
       "        <tr>\n",
       "            <td>Patricia</td>\n",
       "        </tr>\n",
       "        <tr>\n",
       "            <td>Christopher</td>\n",
       "        </tr>\n",
       "        <tr>\n",
       "            <td>Robert</td>\n",
       "        </tr>\n",
       "        <tr>\n",
       "            <td>Anthony</td>\n",
       "        </tr>\n",
       "    </tbody>\n",
       "</table>"
      ],
      "text/plain": [
       "[('Danielle',),\n",
       " ('Angel',),\n",
       " ('Joshua',),\n",
       " ('Jeffrey',),\n",
       " ('Jill',),\n",
       " ('Erica',),\n",
       " ('Patricia',),\n",
       " ('Christopher',),\n",
       " ('Robert',),\n",
       " ('Anthony',)]"
      ]
     },
     "execution_count": 23,
     "metadata": {},
     "output_type": "execute_result"
    }
   ],
   "source": [
    "%%sql\n",
    "--------------- SOLUTION 2\n",
    "-- Get all manager IDs with more than 5 direct reports\n",
    "WITH five_ormore_direct_reports_mgrs AS\n",
    "(\n",
    "    SELECT manager_id AS id\n",
    "    FROM employees\n",
    "    GROUP BY manager_id\n",
    "    HAVING COUNT(id) >= 5\n",
    ")\n",
    "\n",
    "-- Get the names of the managers with more than 5 direct reports\n",
    "SELECT name\n",
    "FROM employees\n",
    "WHERE id IN (\n",
    "    SELECT id\n",
    "    FROM five_ormore_direct_reports_mgrs\n",
    ");\n"
   ]
  },
  {
   "cell_type": "markdown",
   "metadata": {},
   "source": [
    "# Explain Plans"
   ]
  },
  {
   "cell_type": "markdown",
   "metadata": {},
   "source": [
    "## Solution 1 Explain Plan"
   ]
  },
  {
   "cell_type": "code",
   "execution_count": 24,
   "metadata": {},
   "outputs": [
    {
     "name": "stdout",
     "output_type": "stream",
     "text": [
      " * postgresql://postgres_proj_user:***@localhost/localprojects\n",
      "13 rows affected.\n"
     ]
    },
    {
     "data": {
      "text/html": [
       "<table>\n",
       "    <thead>\n",
       "        <tr>\n",
       "            <th>QUERY PLAN</th>\n",
       "        </tr>\n",
       "    </thead>\n",
       "    <tbody>\n",
       "        <tr>\n",
       "            <td>Hash Join  (cost=5.19..9.73 rows=3 width=7) (actual time=0.299..0.455 rows=10 loops=1)</td>\n",
       "        </tr>\n",
       "        <tr>\n",
       "            <td>&nbsp;&nbsp;Hash Cond: (e.id = employees.manager_id)</td>\n",
       "        </tr>\n",
       "        <tr>\n",
       "            <td>&nbsp;&nbsp;-&gt;  Seq Scan on employees e  (cost=0.00..4.00 rows=200 width=11) (actual time=0.022..0.120 rows=200 loops=1)</td>\n",
       "        </tr>\n",
       "        <tr>\n",
       "            <td>&nbsp;&nbsp;&nbsp;&nbsp;&nbsp;&nbsp;&nbsp;&nbsp;Filter: (id IS NOT NULL)</td>\n",
       "        </tr>\n",
       "        <tr>\n",
       "            <td>&nbsp;&nbsp;-&gt;  Hash  (cost=5.16..5.16 rows=3 width=4) (actual time=0.265..0.266 rows=10 loops=1)</td>\n",
       "        </tr>\n",
       "        <tr>\n",
       "            <td>&nbsp;&nbsp;&nbsp;&nbsp;&nbsp;&nbsp;&nbsp;&nbsp;Buckets: 1024  Batches: 1  Memory Usage: 9kB</td>\n",
       "        </tr>\n",
       "        <tr>\n",
       "            <td>&nbsp;&nbsp;&nbsp;&nbsp;&nbsp;&nbsp;&nbsp;&nbsp;-&gt;  HashAggregate  (cost=5.00..5.12 rows=3 width=4) (actual time=0.242..0.248 rows=11 loops=1)</td>\n",
       "        </tr>\n",
       "        <tr>\n",
       "            <td>&nbsp;&nbsp;&nbsp;&nbsp;&nbsp;&nbsp;&nbsp;&nbsp;&nbsp;&nbsp;&nbsp;&nbsp;&nbsp;&nbsp;Group Key: employees.manager_id</td>\n",
       "        </tr>\n",
       "        <tr>\n",
       "            <td>&nbsp;&nbsp;&nbsp;&nbsp;&nbsp;&nbsp;&nbsp;&nbsp;&nbsp;&nbsp;&nbsp;&nbsp;&nbsp;&nbsp;Filter: (count(employees.id) &gt;= 5)</td>\n",
       "        </tr>\n",
       "        <tr>\n",
       "            <td>&nbsp;&nbsp;&nbsp;&nbsp;&nbsp;&nbsp;&nbsp;&nbsp;&nbsp;&nbsp;&nbsp;&nbsp;&nbsp;&nbsp;Batches: 1  Memory Usage: 24kB</td>\n",
       "        </tr>\n",
       "        <tr>\n",
       "            <td>&nbsp;&nbsp;&nbsp;&nbsp;&nbsp;&nbsp;&nbsp;&nbsp;&nbsp;&nbsp;&nbsp;&nbsp;&nbsp;&nbsp;-&gt;  Seq Scan on employees  (cost=0.00..4.00 rows=200 width=8) (actual time=0.012..0.057 rows=200 loops=1)</td>\n",
       "        </tr>\n",
       "        <tr>\n",
       "            <td>Planning Time: 0.241 ms</td>\n",
       "        </tr>\n",
       "        <tr>\n",
       "            <td>Execution Time: 0.595 ms</td>\n",
       "        </tr>\n",
       "    </tbody>\n",
       "</table>"
      ],
      "text/plain": [
       "[('Hash Join  (cost=5.19..9.73 rows=3 width=7) (actual time=0.299..0.455 rows=10 loops=1)',),\n",
       " ('  Hash Cond: (e.id = employees.manager_id)',),\n",
       " ('  ->  Seq Scan on employees e  (cost=0.00..4.00 rows=200 width=11) (actual time=0.022..0.120 rows=200 loops=1)',),\n",
       " ('        Filter: (id IS NOT NULL)',),\n",
       " ('  ->  Hash  (cost=5.16..5.16 rows=3 width=4) (actual time=0.265..0.266 rows=10 loops=1)',),\n",
       " ('        Buckets: 1024  Batches: 1  Memory Usage: 9kB',),\n",
       " ('        ->  HashAggregate  (cost=5.00..5.12 rows=3 width=4) (actual time=0.242..0.248 rows=11 loops=1)',),\n",
       " ('              Group Key: employees.manager_id',),\n",
       " ('              Filter: (count(employees.id) >= 5)',),\n",
       " ('              Batches: 1  Memory Usage: 24kB',),\n",
       " ('              ->  Seq Scan on employees  (cost=0.00..4.00 rows=200 width=8) (actual time=0.012..0.057 rows=200 loops=1)',),\n",
       " ('Planning Time: 0.241 ms',),\n",
       " ('Execution Time: 0.595 ms',)]"
      ]
     },
     "execution_count": 24,
     "metadata": {},
     "output_type": "execute_result"
    }
   ],
   "source": [
    "%%sql\n",
    "--------------- SOLUTION 1\n",
    "\n",
    "EXPLAIN ANALYZE\n",
    "-- Get all manager IDs with more than 5 direct reports\n",
    "WITH five_ormore_direct_reports_mgrs AS\n",
    "(\n",
    "    SELECT manager_id AS id\n",
    "    FROM employees\n",
    "    GROUP BY manager_id\n",
    "    HAVING COUNT(id) >= 5\n",
    ")\n",
    "\n",
    "-- Get the names of the managers with more than 5 direct reports\n",
    "SELECT e.name\n",
    "FROM five_ormore_direct_reports_mgrs m\n",
    "LEFT JOIN employees e\n",
    "ON m.id = e.id\n",
    "WHERE e.id IS NOT NULL"
   ]
  },
  {
   "cell_type": "markdown",
   "metadata": {},
   "source": [
    "## Solution 2 Explain Plan"
   ]
  },
  {
   "cell_type": "code",
   "execution_count": 25,
   "metadata": {},
   "outputs": [
    {
     "name": "stdout",
     "output_type": "stream",
     "text": [
      " * postgresql://postgres_proj_user:***@localhost/localprojects\n",
      "12 rows affected.\n"
     ]
    },
    {
     "data": {
      "text/html": [
       "<table>\n",
       "    <thead>\n",
       "        <tr>\n",
       "            <th>QUERY PLAN</th>\n",
       "        </tr>\n",
       "    </thead>\n",
       "    <tbody>\n",
       "        <tr>\n",
       "            <td>Hash Join  (cost=5.19..9.73 rows=3 width=7) (actual time=0.246..0.403 rows=10 loops=1)</td>\n",
       "        </tr>\n",
       "        <tr>\n",
       "            <td>&nbsp;&nbsp;Hash Cond: (employees.id = employees_1.manager_id)</td>\n",
       "        </tr>\n",
       "        <tr>\n",
       "            <td>&nbsp;&nbsp;-&gt;  Seq Scan on employees  (cost=0.00..4.00 rows=200 width=11) (actual time=0.018..0.061 rows=200 loops=1)</td>\n",
       "        </tr>\n",
       "        <tr>\n",
       "            <td>&nbsp;&nbsp;-&gt;  Hash  (cost=5.16..5.16 rows=3 width=4) (actual time=0.222..0.223 rows=10 loops=1)</td>\n",
       "        </tr>\n",
       "        <tr>\n",
       "            <td>&nbsp;&nbsp;&nbsp;&nbsp;&nbsp;&nbsp;&nbsp;&nbsp;Buckets: 1024  Batches: 1  Memory Usage: 9kB</td>\n",
       "        </tr>\n",
       "        <tr>\n",
       "            <td>&nbsp;&nbsp;&nbsp;&nbsp;&nbsp;&nbsp;&nbsp;&nbsp;-&gt;  HashAggregate  (cost=5.00..5.12 rows=3 width=4) (actual time=0.209..0.216 rows=11 loops=1)</td>\n",
       "        </tr>\n",
       "        <tr>\n",
       "            <td>&nbsp;&nbsp;&nbsp;&nbsp;&nbsp;&nbsp;&nbsp;&nbsp;&nbsp;&nbsp;&nbsp;&nbsp;&nbsp;&nbsp;Group Key: employees_1.manager_id</td>\n",
       "        </tr>\n",
       "        <tr>\n",
       "            <td>&nbsp;&nbsp;&nbsp;&nbsp;&nbsp;&nbsp;&nbsp;&nbsp;&nbsp;&nbsp;&nbsp;&nbsp;&nbsp;&nbsp;Filter: (count(employees_1.id) &gt;= 5)</td>\n",
       "        </tr>\n",
       "        <tr>\n",
       "            <td>&nbsp;&nbsp;&nbsp;&nbsp;&nbsp;&nbsp;&nbsp;&nbsp;&nbsp;&nbsp;&nbsp;&nbsp;&nbsp;&nbsp;Batches: 1  Memory Usage: 24kB</td>\n",
       "        </tr>\n",
       "        <tr>\n",
       "            <td>&nbsp;&nbsp;&nbsp;&nbsp;&nbsp;&nbsp;&nbsp;&nbsp;&nbsp;&nbsp;&nbsp;&nbsp;&nbsp;&nbsp;-&gt;  Seq Scan on employees employees_1  (cost=0.00..4.00 rows=200 width=8) (actual time=0.012..0.056 rows=200 loops=1)</td>\n",
       "        </tr>\n",
       "        <tr>\n",
       "            <td>Planning Time: 0.197 ms</td>\n",
       "        </tr>\n",
       "        <tr>\n",
       "            <td>Execution Time: 0.444 ms</td>\n",
       "        </tr>\n",
       "    </tbody>\n",
       "</table>"
      ],
      "text/plain": [
       "[('Hash Join  (cost=5.19..9.73 rows=3 width=7) (actual time=0.246..0.403 rows=10 loops=1)',),\n",
       " ('  Hash Cond: (employees.id = employees_1.manager_id)',),\n",
       " ('  ->  Seq Scan on employees  (cost=0.00..4.00 rows=200 width=11) (actual time=0.018..0.061 rows=200 loops=1)',),\n",
       " ('  ->  Hash  (cost=5.16..5.16 rows=3 width=4) (actual time=0.222..0.223 rows=10 loops=1)',),\n",
       " ('        Buckets: 1024  Batches: 1  Memory Usage: 9kB',),\n",
       " ('        ->  HashAggregate  (cost=5.00..5.12 rows=3 width=4) (actual time=0.209..0.216 rows=11 loops=1)',),\n",
       " ('              Group Key: employees_1.manager_id',),\n",
       " ('              Filter: (count(employees_1.id) >= 5)',),\n",
       " ('              Batches: 1  Memory Usage: 24kB',),\n",
       " ('              ->  Seq Scan on employees employees_1  (cost=0.00..4.00 rows=200 width=8) (actual time=0.012..0.056 rows=200 loops=1)',),\n",
       " ('Planning Time: 0.197 ms',),\n",
       " ('Execution Time: 0.444 ms',)]"
      ]
     },
     "execution_count": 25,
     "metadata": {},
     "output_type": "execute_result"
    }
   ],
   "source": [
    "%%sql\n",
    "--------------- SOLUTION 2\n",
    "EXPLAIN ANALYZE\n",
    "-- Get all manager IDs with more than 5 direct reports\n",
    "WITH five_ormore_direct_reports_mgrs AS\n",
    "(\n",
    "    SELECT manager_id AS id\n",
    "    FROM employees\n",
    "    GROUP BY manager_id\n",
    "    HAVING COUNT(id) >= 5\n",
    ")\n",
    "\n",
    "-- Get the names of the managers with more than 5 direct reports\n",
    "SELECT name\n",
    "FROM employees\n",
    "WHERE id IN (\n",
    "    SELECT id\n",
    "    FROM five_ormore_direct_reports_mgrs\n",
    ");"
   ]
  },
  {
   "cell_type": "markdown",
   "metadata": {},
   "source": [
    "# Conclusion\n",
    "* Solution 2 (Using `IN`) resulted in a faster planning and execution time than Solution 1 (Using `JOIN`)\n"
   ]
  },
  {
   "cell_type": "markdown",
   "metadata": {},
   "source": []
  }
 ],
 "metadata": {
  "kernelspec": {
   "display_name": "etl-projects-env",
   "language": "python",
   "name": "python3"
  },
  "language_info": {
   "codemirror_mode": {
    "name": "ipython",
    "version": 3
   },
   "file_extension": ".py",
   "mimetype": "text/x-python",
   "name": "python",
   "nbconvert_exporter": "python",
   "pygments_lexer": "ipython3",
   "version": "3.12.9"
  }
 },
 "nbformat": 4,
 "nbformat_minor": 2
}
